
tentando se conectar a instância MongoDB remoto em outro servidor EC2 10.235.39.109
conexão com o MongoDB em mongodb://ichoseuser:helioenai@10.235.39.109:27017/dbichose
Iniciando o Web server iChose
Webserver está escutando na port 8080
database dbichose está agora aberto em 10.235.39.109
Recebi o valor: fabiolenine@icloud.com
Recebi o valor: fabiolenine@icloud.com
Fabio Lenine
Cadastrando: fabiolenine@uol.com.br
Comando para gravar enviado.
Conta de usuário mobile foi criada.
Fabio
Cadastrando: fabiolenine@ichose.com
Comando para gravar enviado.
Conta de usuário mobile foi criada.
Fabio
Cadastrando: fdjfjfjd@hdhdjd.hgf
Comando para gravar enviado.
Conta de usuário mobile foi criada.
Lucas
Cadastrando: teste@teste.com
Comando para gravar enviado.
Conta de usuário mobile foi criada.
Lucas
Tentativa de cadastro com e-mail existente: teste@teste.com

tentando se conectar a instância MongoDB remoto em outro servidor EC2 10.235.39.109
conexão com o MongoDB em mongodb://ichoseuser:helioenai@10.235.39.109:27017/dbichose
Iniciando o Web server iChose
Webserver está escutando na port 8080
database dbichose está agora aberto em 10.235.39.109
Fabio
Cadastrando: fabiolenine@icloud.com
Comando para gravar enviado.
Conta de usuário mobile foi criada.
Emerson
Cadastrando: emerson.oliveira@softplan.com.br
Comando para gravar enviado.
Conta de usuário mobile foi criada.
Fabio
Cadastrando: fabiolenine@me.com
Comando para gravar enviado.
Conta de usuário mobile foi criada.
Jadson 
Cadastrando: jadsonmd@gmail.com
Comando para gravar enviado.
Conta de usuário mobile foi criada.
Jadson 
Cadastrando: jadsonmd1@gmail.com
Comando para gravar enviado.
Conta de usuário mobile foi criada.
Recebi o valor: jadsonmd@gmail.com
Senha alterada do ID de usuário:52e6b16f55c4223a09000004
Jesualdo
Cadastrando: jesualdof@gmail.com
Comando para gravar enviado.
Conta de usuário mobile foi criada.
Jesualdo
Tentativa de cadastro com e-mail existente: jesualdof@gmail.com
Recebi o valor: jesualdof@gmail.com
Senha alterada do ID de usuário:52e6cac855c4223a09000006

tentando se conectar a instância MongoDB remoto em outro servidor EC2 10.235.39.109
conexão com o MongoDB em mongodb://ichoseuser:helioenai@10.235.39.109:27017/dbichose
Iniciando o Web server iChose
Webserver está escutando na port 8080
database dbichose está agora aberto em 10.235.39.109
Ffhvcfhhbv
Cadastrando: gedhiivftuj@hfyujhf.hfh
Comando para gravar enviado.
Conta de usuário mobile foi criada.

tentando se conectar a instância MongoDB remoto em outro servidor EC2 10.235.39.109
conexão com o MongoDB em mongodb://ichoseuser:helioenai@10.235.39.109:27017/dbichose
Iniciando o Web server iChose
Webserver está escutando na port 8080
database dbichose está agora aberto em 10.235.39.109

tentando se conectar a instância MongoDB remoto em outro servidor EC2 10.235.39.109
conexão com o MongoDB em mongodb://ichoseuser:helioenai@10.235.39.109:27017/dbichose
Iniciando o Web server iChose
Webserver está escutando na port 8080
database dbichose está agora aberto em 10.235.39.109

tentando se conectar a instância MongoDB remoto em outro servidor EC2 10.235.39.109
conexão com o MongoDB em mongodb://ichoseuser:helioenai@10.235.39.109:27017/dbichose
Iniciando o Web server iChose
Webserver está escutando na port 8080
database dbichose está agora aberto em 10.235.39.109

tentando se conectar a instância MongoDB remoto em outro servidor EC2 10.235.39.109
conexão com o MongoDB em mongodb://ichoseuser:helioenai@10.235.39.109:27017/dbichose
Iniciando o Web server iChose
Webserver está escutando na port 8080
database dbichose está agora aberto em 10.235.39.109
Fabio Lenine
Cadastrando: fabiolenine@me.com
Comando para gravar enviado.
52f41d687fa7b1631f000001

tentando se conectar a instância MongoDB remoto em outro servidor EC2 10.235.39.109
conexão com o MongoDB em mongodb://ichoseuser:helioenai@10.235.39.109:27017/dbichose
Iniciando o Web server iChose
Webserver está escutando na port 8080
database dbichose está agora aberto em 10.235.39.109

tentando se conectar a instância MongoDB remoto em outro servidor EC2 10.235.39.109
conexão com o MongoDB em mongodb://ichoseuser:helioenai@10.235.39.109:27017/dbichose
Iniciando o Web server iChose
Webserver está escutando na port 8080
database dbichose está agora aberto em 10.235.39.109
fabiolenine@gmail.com

tentando se conectar a instância MongoDB remoto em outro servidor EC2 10.235.39.109
conexão com o MongoDB em mongodb://ichoseuser:helioenai@10.235.39.109:27017/dbichose
Iniciando o Web server iChose
Webserver está escutando na port 8080
database dbichose está agora aberto em 10.235.39.109
Lucas
Cadastrando: iboxbr@gmail.com
Comando para gravar enviado.
52f93d54fd94c8d36e000001
fabiolenine@gmail.com
fabiolenine@gmail.com
fabiolenine@gmail.com
fabiolenine@gmail.com
fabiolenine@gmail.com
fabiolenine@gmail.com
fabiolenine@gmail.com
fabiolenine@gmail.com
fabiolenine@gmail.com
fabiolenine@me.com
fabiolenine@gmail.com
fabiolenine@me.com
fabiolenine@gmail.com
fabiolenine@gmail.com
fabiolenine@me.com
fabiolenine@icloud.com
fabiolenine@icloud.com
fabiolenine@gmail.com
fabiolenine@gmail.com
fabiolenine@me.com
fabiolenine@me.com
fabiolenine@icloud.com
fabiolenine@icloud.com
Fabio Lenine
Cadastrando: fabio.lenine@uol.com.br
Comando para gravar enviado.
52fc09ecfd94c8d36e000002
fabio.lenine@uol.com.br

tentando se conectar a instância MongoDB remoto em outro servidor EC2 10.235.39.109
conexão com o MongoDB em mongodb://ichoseuser:helioenai@10.235.39.109:27017/dbichose
Iniciando o Web server iChose
Webserver está escutando na port 8080
database dbichose está agora aberto em 10.235.39.109
Fabio
Cadastrando: fabiolenine@me.com
Comando para gravar enviado.
52fc0ead2bf66f5b3e000001
fabiolenine@me.com
fabiolenine@me.com
fabiolenine@me.com
fabiolenine@gmail.com
Usuário: fabiolenine@gmail.com não encontrado.
fabiolenine@me.com
